Analysis & Synthesis report for MIPS
Sat Mar 05 00:18:24 2016
Quartus II 64-Bit Version 13.0.1 Build 232 06/12/2013 Service Pack 1 SJ Web Edition


---------------------
; Table of Contents ;
---------------------
  1. Legal Notice
  2. Analysis & Synthesis Summary
  3. Analysis & Synthesis Settings
  4. Parallel Compilation
  5. Analysis & Synthesis Source Files Read
  6. Analysis & Synthesis Resource Usage Summary
  7. Analysis & Synthesis Resource Utilization by Entity
  8. General Register Statistics
  9. Parameter Settings for User Entity Instance: MemoriaDeInstrucoes:a
 10. Parameter Settings for User Entity Instance: MemoriaDeInstrucoes:a|somador5bits:p
 11. Parameter Settings for User Entity Instance: MemoriaDeInstrucoes:a|instrucao:memi
 12. Parameter Settings for User Entity Instance: mux5bits:b
 13. Parameter Settings for User Entity Instance: BancodeRegistradores:c
 14. Parameter Settings for User Entity Instance: somador5bits:pe
 15. Parameter Settings for User Entity Instance: mux5bits:pa
 16. Parameter Settings for User Entity Instance: mux5bits:asd
 17. Parameter Settings for User Entity Instance: mux32bits:e
 18. Parameter Settings for User Entity Instance: ALU:f|mux32bits:ck
 19. Parameter Settings for User Entity Instance: ALU:f|somador32bits:somaOuSub
 20. Parameter Settings for User Entity Instance: ALU:f|slt:comparar|somador32bits:comparador
 21. Parameter Settings for User Entity Instance: ALU:f|mux3bits4entradas:p|mux32bits:uv
 22. Parameter Settings for User Entity Instance: ALU:f|mux3bits4entradas:p|mux32bits:wx
 23. Parameter Settings for User Entity Instance: ALU:f|mux3bits4entradas:p|mux32bits:a1
 24. Parameter Settings for User Entity Instance: MemoriaDeDados:g
 25. Parameter Settings for User Entity Instance: mux32bits:h
 26. Port Connectivity Checks: "ALU:f|d_overflow:dt"
 27. Port Connectivity Checks: "ALU:f|slt:comparar|somador32bits:comparador"
 28. Port Connectivity Checks: "ALU:f|somador32bits:somaOuSub"
 29. Port Connectivity Checks: "mux5bits:asd"
 30. Port Connectivity Checks: "somador5bits:pe"
 31. Port Connectivity Checks: "MemoriaDeInstrucoes:a|somador5bits:p"
 32. Elapsed Time Per Partition
 33. Analysis & Synthesis Messages



----------------
; Legal Notice ;
----------------
Copyright (C) 1991-2013 Altera Corporation
Your use of Altera Corporation's design tools, logic functions 
and other software and tools, and its AMPP partner logic 
functions, and any output files from any of the foregoing 
(including device programming or simulation files), and any 
associated documentation or information are expressly subject 
to the terms and conditions of the Altera Program License 
Subscription Agreement, Altera MegaCore Function License 
Agreement, or other applicable license agreement, including, 
without limitation, that your use is for the sole purpose of 
programming logic devices manufactured by Altera and sold by 
Altera or its authorized distributors.  Please refer to the 
applicable agreement for further details.



+--------------------------------------------------------------------------------------+
; Analysis & Synthesis Summary                                                         ;
+------------------------------------+-------------------------------------------------+
; Analysis & Synthesis Status        ; Successful - Sat Mar 05 00:18:24 2016           ;
; Quartus II 64-Bit Version          ; 13.0.1 Build 232 06/12/2013 SP 1 SJ Web Edition ;
; Revision Name                      ; MIPS                                            ;
; Top-level Entity Name              ; MIPS                                            ;
; Family                             ; Cyclone II                                      ;
; Total logic elements               ; 0                                               ;
;     Total combinational functions  ; 0                                               ;
;     Dedicated logic registers      ; 0                                               ;
; Total registers                    ; 0                                               ;
; Total pins                         ; 2                                               ;
; Total virtual pins                 ; 0                                               ;
; Total memory bits                  ; 0                                               ;
; Embedded Multiplier 9-bit elements ; 0                                               ;
; Total PLLs                         ; 0                                               ;
+------------------------------------+-------------------------------------------------+


+----------------------------------------------------------------------------------------------------------------------+
; Analysis & Synthesis Settings                                                                                        ;
+----------------------------------------------------------------------------+--------------------+--------------------+
; Option                                                                     ; Setting            ; Default Value      ;
+----------------------------------------------------------------------------+--------------------+--------------------+
; Device                                                                     ; EP2C35F672C6       ;                    ;
; Top-level entity name                                                      ; MIPS               ; MIPS               ;
; Family name                                                                ; Cyclone II         ; Cyclone IV GX      ;
; Use smart compilation                                                      ; Off                ; Off                ;
; Enable parallel Assembler and TimeQuest Timing Analyzer during compilation ; On                 ; On                 ;
; Enable compact report table                                                ; Off                ; Off                ;
; Restructure Multiplexers                                                   ; Auto               ; Auto               ;
; Create Debugging Nodes for IP Cores                                        ; Off                ; Off                ;
; Preserve fewer node names                                                  ; On                 ; On                 ;
; Disable OpenCore Plus hardware evaluation                                  ; Off                ; Off                ;
; Verilog Version                                                            ; Verilog_2001       ; Verilog_2001       ;
; VHDL Version                                                               ; VHDL_1993          ; VHDL_1993          ;
; State Machine Processing                                                   ; Auto               ; Auto               ;
; Safe State Machine                                                         ; Off                ; Off                ;
; Extract Verilog State Machines                                             ; On                 ; On                 ;
; Extract VHDL State Machines                                                ; On                 ; On                 ;
; Ignore Verilog initial constructs                                          ; Off                ; Off                ;
; Iteration limit for constant Verilog loops                                 ; 5000               ; 5000               ;
; Iteration limit for non-constant Verilog loops                             ; 250                ; 250                ;
; Add Pass-Through Logic to Inferred RAMs                                    ; On                 ; On                 ;
; Infer RAMs from Raw Logic                                                  ; On                 ; On                 ;
; Parallel Synthesis                                                         ; On                 ; On                 ;
; DSP Block Balancing                                                        ; Auto               ; Auto               ;
; NOT Gate Push-Back                                                         ; On                 ; On                 ;
; Power-Up Don't Care                                                        ; On                 ; On                 ;
; Remove Redundant Logic Cells                                               ; Off                ; Off                ;
; Remove Duplicate Registers                                                 ; On                 ; On                 ;
; Ignore CARRY Buffers                                                       ; Off                ; Off                ;
; Ignore CASCADE Buffers                                                     ; Off                ; Off                ;
; Ignore GLOBAL Buffers                                                      ; Off                ; Off                ;
; Ignore ROW GLOBAL Buffers                                                  ; Off                ; Off                ;
; Ignore LCELL Buffers                                                       ; Off                ; Off                ;
; Ignore SOFT Buffers                                                        ; On                 ; On                 ;
; Limit AHDL Integers to 32 Bits                                             ; Off                ; Off                ;
; Optimization Technique                                                     ; Balanced           ; Balanced           ;
; Carry Chain Length                                                         ; 70                 ; 70                 ;
; Auto Carry Chains                                                          ; On                 ; On                 ;
; Auto Open-Drain Pins                                                       ; On                 ; On                 ;
; Perform WYSIWYG Primitive Resynthesis                                      ; Off                ; Off                ;
; Auto ROM Replacement                                                       ; On                 ; On                 ;
; Auto RAM Replacement                                                       ; On                 ; On                 ;
; Auto Shift Register Replacement                                            ; Auto               ; Auto               ;
; Allow Shift Register Merging across Hierarchies                            ; Auto               ; Auto               ;
; Auto Clock Enable Replacement                                              ; On                 ; On                 ;
; Strict RAM Replacement                                                     ; Off                ; Off                ;
; Allow Synchronous Control Signals                                          ; On                 ; On                 ;
; Force Use of Synchronous Clear Signals                                     ; Off                ; Off                ;
; Auto RAM to Logic Cell Conversion                                          ; Off                ; Off                ;
; Auto Resource Sharing                                                      ; Off                ; Off                ;
; Allow Any RAM Size For Recognition                                         ; Off                ; Off                ;
; Allow Any ROM Size For Recognition                                         ; Off                ; Off                ;
; Allow Any Shift Register Size For Recognition                              ; Off                ; Off                ;
; Use LogicLock Constraints during Resource Balancing                        ; On                 ; On                 ;
; Ignore translate_off and synthesis_off directives                          ; Off                ; Off                ;
; Timing-Driven Synthesis                                                    ; Off                ; Off                ;
; Report Parameter Settings                                                  ; On                 ; On                 ;
; Report Source Assignments                                                  ; On                 ; On                 ;
; Report Connectivity Checks                                                 ; On                 ; On                 ;
; Ignore Maximum Fan-Out Assignments                                         ; Off                ; Off                ;
; Synchronization Register Chain Length                                      ; 2                  ; 2                  ;
; PowerPlay Power Optimization                                               ; Normal compilation ; Normal compilation ;
; HDL message level                                                          ; Level2             ; Level2             ;
; Suppress Register Optimization Related Messages                            ; Off                ; Off                ;
; Number of Removed Registers Reported in Synthesis Report                   ; 5000               ; 5000               ;
; Number of Swept Nodes Reported in Synthesis Report                         ; 5000               ; 5000               ;
; Number of Inverted Registers Reported in Synthesis Report                  ; 100                ; 100                ;
; Clock MUX Protection                                                       ; On                 ; On                 ;
; Auto Gated Clock Conversion                                                ; Off                ; Off                ;
; Block Design Naming                                                        ; Auto               ; Auto               ;
; SDC constraint protection                                                  ; Off                ; Off                ;
; Synthesis Effort                                                           ; Auto               ; Auto               ;
; Shift Register Replacement - Allow Asynchronous Clear Signal               ; On                 ; On                 ;
; Pre-Mapping Resynthesis Optimization                                       ; Off                ; Off                ;
; Analysis & Synthesis Message Level                                         ; Medium             ; Medium             ;
; Disable Register Merging Across Hierarchies                                ; Auto               ; Auto               ;
; Resource Aware Inference For Block RAM                                     ; On                 ; On                 ;
; Synthesis Seed                                                             ; 1                  ; 1                  ;
+----------------------------------------------------------------------------+--------------------+--------------------+


Parallel compilation was disabled, but you have multiple processors available. Enable parallel compilation to reduce compilation time.
+-------------------------------------+
; Parallel Compilation                ;
+----------------------------+--------+
; Processors                 ; Number ;
+----------------------------+--------+
; Number detected on machine ; 8      ;
; Maximum allowed            ; 1      ;
+----------------------------+--------+


+--------------------------------------------------------------------------------------------------------------------------------------------------------------------------------------------+
; Analysis & Synthesis Source Files Read                                                                                                                                                     ;
+----------------------------------+-----------------+------------------------+----------------------------------------------------------------------------------------------------+---------+
; File Name with User-Entered Path ; Used in Netlist ; File Type              ; File Name with Absolute Path                                                                       ; Library ;
+----------------------------------+-----------------+------------------------+----------------------------------------------------------------------------------------------------+---------+
; Somadores.v                      ; yes             ; User Verilog HDL File  ; D:/CEFET/2015-1/LAOC/Minhas Práticas/Pratica9_Andre_Dornas_e_Rafael_Barbosa/Somadores.v            ;         ;
; Multiplexadores.v                ; yes             ; User Verilog HDL File  ; D:/CEFET/2015-1/LAOC/Minhas Práticas/Pratica9_Andre_Dornas_e_Rafael_Barbosa/Multiplexadores.v      ;         ;
; MIPS.v                           ; yes             ; User Verilog HDL File  ; D:/CEFET/2015-1/LAOC/Minhas Práticas/Pratica9_Andre_Dornas_e_Rafael_Barbosa/MIPS.v                 ;         ;
; MemoriaDeInstrucoes.v            ; yes             ; User Verilog HDL File  ; D:/CEFET/2015-1/LAOC/Minhas Práticas/Pratica9_Andre_Dornas_e_Rafael_Barbosa/MemoriaDeInstrucoes.v  ;         ;
; MemoriaDeDados.v                 ; yes             ; User Verilog HDL File  ; D:/CEFET/2015-1/LAOC/Minhas Práticas/Pratica9_Andre_Dornas_e_Rafael_Barbosa/MemoriaDeDados.v       ;         ;
; Extensor.v                       ; yes             ; User Verilog HDL File  ; D:/CEFET/2015-1/LAOC/Minhas Práticas/Pratica9_Andre_Dornas_e_Rafael_Barbosa/Extensor.v             ;         ;
; Control.v                        ; yes             ; User Verilog HDL File  ; D:/CEFET/2015-1/LAOC/Minhas Práticas/Pratica9_Andre_Dornas_e_Rafael_Barbosa/Control.v              ;         ;
; BancodeRegistradores.v           ; yes             ; User Verilog HDL File  ; D:/CEFET/2015-1/LAOC/Minhas Práticas/Pratica9_Andre_Dornas_e_Rafael_Barbosa/BancodeRegistradores.v ;         ;
; ALUControl.v                     ; yes             ; User Verilog HDL File  ; D:/CEFET/2015-1/LAOC/Minhas Práticas/Pratica9_Andre_Dornas_e_Rafael_Barbosa/ALUControl.v           ;         ;
; ALU.v                            ; yes             ; User Verilog HDL File  ; D:/CEFET/2015-1/LAOC/Minhas Práticas/Pratica9_Andre_Dornas_e_Rafael_Barbosa/ALU.v                  ;         ;
+----------------------------------+-----------------+------------------------+----------------------------------------------------------------------------------------------------+---------+


+-----------------------------------------------------+
; Analysis & Synthesis Resource Usage Summary         ;
+---------------------------------------------+-------+
; Resource                                    ; Usage ;
+---------------------------------------------+-------+
;                                             ;       ;
; Total combinational functions               ; 0     ;
; Logic element usage by number of LUT inputs ;       ;
;     -- 4 input functions                    ; 0     ;
;     -- 3 input functions                    ; 0     ;
;     -- <=2 input functions                  ; 0     ;
;                                             ;       ;
; Logic elements by mode                      ;       ;
;     -- normal mode                          ; 0     ;
;     -- arithmetic mode                      ; 0     ;
;                                             ;       ;
; Total registers                             ; 0     ;
;     -- Dedicated logic registers            ; 0     ;
;     -- I/O registers                        ; 0     ;
;                                             ;       ;
; I/O pins                                    ; 2     ;
; Embedded Multiplier 9-bit elements          ; 0     ;
+---------------------------------------------+-------+


+-----------------------------------------------------------------------------------------------------------------------------------------------------------------------------+
; Analysis & Synthesis Resource Utilization by Entity                                                                                                                         ;
+----------------------------+-------------------+--------------+-------------+--------------+---------+-----------+------+--------------+---------------------+--------------+
; Compilation Hierarchy Node ; LC Combinationals ; LC Registers ; Memory Bits ; DSP Elements ; DSP 9x9 ; DSP 18x18 ; Pins ; Virtual Pins ; Full Hierarchy Name ; Library Name ;
+----------------------------+-------------------+--------------+-------------+--------------+---------+-----------+------+--------------+---------------------+--------------+
; |MIPS                      ; 0 (0)             ; 0 (0)        ; 0           ; 0            ; 0       ; 0         ; 2    ; 0            ; |MIPS               ; work         ;
+----------------------------+-------------------+--------------+-------------+--------------+---------+-----------+------+--------------+---------------------+--------------+
Note: For table entries with two numbers listed, the numbers in parentheses indicate the number of resources of the given type used by the specific entity alone. The numbers listed outside of parentheses indicate the total resources of the given type used by the specific entity and all of its sub-entities in the hierarchy.


+------------------------------------------------------+
; General Register Statistics                          ;
+----------------------------------------------+-------+
; Statistic                                    ; Value ;
+----------------------------------------------+-------+
; Total registers                              ; 0     ;
; Number of registers using Synchronous Clear  ; 0     ;
; Number of registers using Synchronous Load   ; 0     ;
; Number of registers using Asynchronous Clear ; 0     ;
; Number of registers using Asynchronous Load  ; 0     ;
; Number of registers using Clock Enable       ; 0     ;
; Number of registers using Preset             ; 0     ;
+----------------------------------------------+-------+


+--------------------------------------------------------------------+
; Parameter Settings for User Entity Instance: MemoriaDeInstrucoes:a ;
+----------------+-------+-------------------------------------------+
; Parameter Name ; Value ; Type                                      ;
+----------------+-------+-------------------------------------------+
; SIZE           ; 32    ; Signed Integer                            ;
+----------------+-------+-------------------------------------------+
Note: In order to hide this table in the UI and the text report file, please set the "Show Parameter Settings in Synthesis Report" option in "Analysis and Synthesis Settings -> More Settings" to "Off".


+-----------------------------------------------------------------------------------+
; Parameter Settings for User Entity Instance: MemoriaDeInstrucoes:a|somador5bits:p ;
+----------------+-------+----------------------------------------------------------+
; Parameter Name ; Value ; Type                                                     ;
+----------------+-------+----------------------------------------------------------+
; SIZE           ; 5     ; Signed Integer                                           ;
+----------------+-------+----------------------------------------------------------+
Note: In order to hide this table in the UI and the text report file, please set the "Show Parameter Settings in Synthesis Report" option in "Analysis and Synthesis Settings -> More Settings" to "Off".


+-----------------------------------------------------------------------------------+
; Parameter Settings for User Entity Instance: MemoriaDeInstrucoes:a|instrucao:memi ;
+----------------+-------+----------------------------------------------------------+
; Parameter Name ; Value ; Type                                                     ;
+----------------+-------+----------------------------------------------------------+
; SIZE           ; 32    ; Signed Integer                                           ;
+----------------+-------+----------------------------------------------------------+
Note: In order to hide this table in the UI and the text report file, please set the "Show Parameter Settings in Synthesis Report" option in "Analysis and Synthesis Settings -> More Settings" to "Off".


+---------------------------------------------------------+
; Parameter Settings for User Entity Instance: mux5bits:b ;
+----------------+-------+--------------------------------+
; Parameter Name ; Value ; Type                           ;
+----------------+-------+--------------------------------+
; SIZE           ; 5     ; Signed Integer                 ;
+----------------+-------+--------------------------------+
Note: In order to hide this table in the UI and the text report file, please set the "Show Parameter Settings in Synthesis Report" option in "Analysis and Synthesis Settings -> More Settings" to "Off".


+---------------------------------------------------------------------+
; Parameter Settings for User Entity Instance: BancodeRegistradores:c ;
+----------------+-------+--------------------------------------------+
; Parameter Name ; Value ; Type                                       ;
+----------------+-------+--------------------------------------------+
; SIZE           ; 32    ; Signed Integer                             ;
+----------------+-------+--------------------------------------------+
Note: In order to hide this table in the UI and the text report file, please set the "Show Parameter Settings in Synthesis Report" option in "Analysis and Synthesis Settings -> More Settings" to "Off".


+--------------------------------------------------------------+
; Parameter Settings for User Entity Instance: somador5bits:pe ;
+----------------+-------+-------------------------------------+
; Parameter Name ; Value ; Type                                ;
+----------------+-------+-------------------------------------+
; SIZE           ; 5     ; Signed Integer                      ;
+----------------+-------+-------------------------------------+
Note: In order to hide this table in the UI and the text report file, please set the "Show Parameter Settings in Synthesis Report" option in "Analysis and Synthesis Settings -> More Settings" to "Off".


+----------------------------------------------------------+
; Parameter Settings for User Entity Instance: mux5bits:pa ;
+----------------+-------+---------------------------------+
; Parameter Name ; Value ; Type                            ;
+----------------+-------+---------------------------------+
; SIZE           ; 5     ; Signed Integer                  ;
+----------------+-------+---------------------------------+
Note: In order to hide this table in the UI and the text report file, please set the "Show Parameter Settings in Synthesis Report" option in "Analysis and Synthesis Settings -> More Settings" to "Off".


+-----------------------------------------------------------+
; Parameter Settings for User Entity Instance: mux5bits:asd ;
+----------------+-------+----------------------------------+
; Parameter Name ; Value ; Type                             ;
+----------------+-------+----------------------------------+
; SIZE           ; 5     ; Signed Integer                   ;
+----------------+-------+----------------------------------+
Note: In order to hide this table in the UI and the text report file, please set the "Show Parameter Settings in Synthesis Report" option in "Analysis and Synthesis Settings -> More Settings" to "Off".


+----------------------------------------------------------+
; Parameter Settings for User Entity Instance: mux32bits:e ;
+----------------+-------+---------------------------------+
; Parameter Name ; Value ; Type                            ;
+----------------+-------+---------------------------------+
; SIZE           ; 32    ; Signed Integer                  ;
+----------------+-------+---------------------------------+
Note: In order to hide this table in the UI and the text report file, please set the "Show Parameter Settings in Synthesis Report" option in "Analysis and Synthesis Settings -> More Settings" to "Off".


+-----------------------------------------------------------------+
; Parameter Settings for User Entity Instance: ALU:f|mux32bits:ck ;
+----------------+-------+----------------------------------------+
; Parameter Name ; Value ; Type                                   ;
+----------------+-------+----------------------------------------+
; SIZE           ; 32    ; Signed Integer                         ;
+----------------+-------+----------------------------------------+
Note: In order to hide this table in the UI and the text report file, please set the "Show Parameter Settings in Synthesis Report" option in "Analysis and Synthesis Settings -> More Settings" to "Off".


+----------------------------------------------------------------------------+
; Parameter Settings for User Entity Instance: ALU:f|somador32bits:somaOuSub ;
+----------------+-------+---------------------------------------------------+
; Parameter Name ; Value ; Type                                              ;
+----------------+-------+---------------------------------------------------+
; SIZE           ; 32    ; Signed Integer                                    ;
+----------------+-------+---------------------------------------------------+
Note: In order to hide this table in the UI and the text report file, please set the "Show Parameter Settings in Synthesis Report" option in "Analysis and Synthesis Settings -> More Settings" to "Off".


+------------------------------------------------------------------------------------------+
; Parameter Settings for User Entity Instance: ALU:f|slt:comparar|somador32bits:comparador ;
+----------------+-------+-----------------------------------------------------------------+
; Parameter Name ; Value ; Type                                                            ;
+----------------+-------+-----------------------------------------------------------------+
; SIZE           ; 32    ; Signed Integer                                                  ;
+----------------+-------+-----------------------------------------------------------------+
Note: In order to hide this table in the UI and the text report file, please set the "Show Parameter Settings in Synthesis Report" option in "Analysis and Synthesis Settings -> More Settings" to "Off".


+-------------------------------------------------------------------------------------+
; Parameter Settings for User Entity Instance: ALU:f|mux3bits4entradas:p|mux32bits:uv ;
+----------------+-------+------------------------------------------------------------+
; Parameter Name ; Value ; Type                                                       ;
+----------------+-------+------------------------------------------------------------+
; SIZE           ; 32    ; Signed Integer                                             ;
+----------------+-------+------------------------------------------------------------+
Note: In order to hide this table in the UI and the text report file, please set the "Show Parameter Settings in Synthesis Report" option in "Analysis and Synthesis Settings -> More Settings" to "Off".


+-------------------------------------------------------------------------------------+
; Parameter Settings for User Entity Instance: ALU:f|mux3bits4entradas:p|mux32bits:wx ;
+----------------+-------+------------------------------------------------------------+
; Parameter Name ; Value ; Type                                                       ;
+----------------+-------+------------------------------------------------------------+
; SIZE           ; 32    ; Signed Integer                                             ;
+----------------+-------+------------------------------------------------------------+
Note: In order to hide this table in the UI and the text report file, please set the "Show Parameter Settings in Synthesis Report" option in "Analysis and Synthesis Settings -> More Settings" to "Off".


+-------------------------------------------------------------------------------------+
; Parameter Settings for User Entity Instance: ALU:f|mux3bits4entradas:p|mux32bits:a1 ;
+----------------+-------+------------------------------------------------------------+
; Parameter Name ; Value ; Type                                                       ;
+----------------+-------+------------------------------------------------------------+
; SIZE           ; 32    ; Signed Integer                                             ;
+----------------+-------+------------------------------------------------------------+
Note: In order to hide this table in the UI and the text report file, please set the "Show Parameter Settings in Synthesis Report" option in "Analysis and Synthesis Settings -> More Settings" to "Off".


+---------------------------------------------------------------+
; Parameter Settings for User Entity Instance: MemoriaDeDados:g ;
+----------------+-------+--------------------------------------+
; Parameter Name ; Value ; Type                                 ;
+----------------+-------+--------------------------------------+
; SIZE           ; 32    ; Signed Integer                       ;
+----------------+-------+--------------------------------------+
Note: In order to hide this table in the UI and the text report file, please set the "Show Parameter Settings in Synthesis Report" option in "Analysis and Synthesis Settings -> More Settings" to "Off".


+----------------------------------------------------------+
; Parameter Settings for User Entity Instance: mux32bits:h ;
+----------------+-------+---------------------------------+
; Parameter Name ; Value ; Type                            ;
+----------------+-------+---------------------------------+
; SIZE           ; 32    ; Signed Integer                  ;
+----------------+-------+---------------------------------+
Note: In order to hide this table in the UI and the text report file, please set the "Show Parameter Settings in Synthesis Report" option in "Analysis and Synthesis Settings -> More Settings" to "Off".


+---------------------------------------------------------------------------------------------------------------------------------------------------------------------------------------------------------------+
; Port Connectivity Checks: "ALU:f|d_overflow:dt"                                                                                                                                                               ;
+------+--------+----------+------------------------------------------------------------------------------------------------------------------------------------------------------------------------------------+
; Port ; Type   ; Severity ; Details                                                                                                                                                                            ;
+------+--------+----------+------------------------------------------------------------------------------------------------------------------------------------------------------------------------------------+
; A    ; Input  ; Warning  ; Input port expression (32 bits) is wider than the input port (1 bits) it drives.  The 31 most-significant bit(s) in the expression will be dangling if they have no other fanouts. ;
; B    ; Input  ; Warning  ; Input port expression (32 bits) is wider than the input port (1 bits) it drives.  The 31 most-significant bit(s) in the expression will be dangling if they have no other fanouts. ;
; S    ; Input  ; Warning  ; Input port expression (32 bits) is wider than the input port (1 bits) it drives.  The 31 most-significant bit(s) in the expression will be dangling if they have no other fanouts. ;
; X    ; Output ; Info     ; Connected to dangling logic. Logic that only feeds a dangling port will be removed.                                                                                                ;
+------+--------+----------+------------------------------------------------------------------------------------------------------------------------------------------------------------------------------------+


+--------------------------------------------------------------------------------------------------------------------+
; Port Connectivity Checks: "ALU:f|slt:comparar|somador32bits:comparador"                                            ;
+----------+--------+----------+-------------------------------------------------------------------------------------+
; Port     ; Type   ; Severity ; Details                                                                             ;
+----------+--------+----------+-------------------------------------------------------------------------------------+
; cin      ; Input  ; Info     ; Stuck at VCC                                                                        ;
; cout     ; Output ; Info     ; Connected to dangling logic. Logic that only feeds a dangling port will be removed. ;
; s[30..0] ; Output ; Info     ; Connected to dangling logic. Logic that only feeds a dangling port will be removed. ;
+----------+--------+----------+-------------------------------------------------------------------------------------+


+----------------------------------------------------------------------------------------------------------------+
; Port Connectivity Checks: "ALU:f|somador32bits:somaOuSub"                                                      ;
+------+--------+----------+-------------------------------------------------------------------------------------+
; Port ; Type   ; Severity ; Details                                                                             ;
+------+--------+----------+-------------------------------------------------------------------------------------+
; cout ; Output ; Info     ; Connected to dangling logic. Logic that only feeds a dangling port will be removed. ;
+------+--------+----------+-------------------------------------------------------------------------------------+


+-------------------------------------------+
; Port Connectivity Checks: "mux5bits:asd"  ;
+---------+-------+----------+--------------+
; Port    ; Type  ; Severity ; Details      ;
+---------+-------+----------+--------------+
; a[1..0] ; Input ; Info     ; Stuck at GND ;
+---------+-------+----------+--------------+


+-------------------------------------------------------------------------------------------------------------------+
; Port Connectivity Checks: "somador5bits:pe"                                                                       ;
+---------+--------+----------+-------------------------------------------------------------------------------------+
; Port    ; Type   ; Severity ; Details                                                                             ;
+---------+--------+----------+-------------------------------------------------------------------------------------+
; a[1..0] ; Input  ; Info     ; Stuck at GND                                                                        ;
; cin     ; Input  ; Info     ; Stuck at GND                                                                        ;
; cout    ; Output ; Info     ; Connected to dangling logic. Logic that only feeds a dangling port will be removed. ;
+---------+--------+----------+-------------------------------------------------------------------------------------+


+-------------------------------------------------------------------------------------------------------------------+
; Port Connectivity Checks: "MemoriaDeInstrucoes:a|somador5bits:p"                                                  ;
+---------+--------+----------+-------------------------------------------------------------------------------------+
; Port    ; Type   ; Severity ; Details                                                                             ;
+---------+--------+----------+-------------------------------------------------------------------------------------+
; b[4..3] ; Input  ; Info     ; Stuck at GND                                                                        ;
; b[1..0] ; Input  ; Info     ; Stuck at GND                                                                        ;
; b[2]    ; Input  ; Info     ; Stuck at VCC                                                                        ;
; cin     ; Input  ; Info     ; Stuck at GND                                                                        ;
; cout    ; Output ; Info     ; Connected to dangling logic. Logic that only feeds a dangling port will be removed. ;
+---------+--------+----------+-------------------------------------------------------------------------------------+


+-------------------------------+
; Elapsed Time Per Partition    ;
+----------------+--------------+
; Partition Name ; Elapsed Time ;
+----------------+--------------+
; Top            ; 00:00:00     ;
+----------------+--------------+


+-------------------------------+
; Analysis & Synthesis Messages ;
+-------------------------------+
Info: *******************************************************************
Info: Running Quartus II 64-Bit Analysis & Synthesis
    Info: Version 13.0.1 Build 232 06/12/2013 Service Pack 1 SJ Web Edition
    Info: Processing started: Sat Mar 05 00:18:21 2016
Info: Command: quartus_map --read_settings_files=on --write_settings_files=off MIPS -c MIPS
Warning (20028): Parallel compilation is not licensed and has been disabled
Info (12021): Found 3 design units, including 3 entities, in source file somadores.v
    Info (12023): Found entity 1: somador32bits
    Info (12023): Found entity 2: full_adder
    Info (12023): Found entity 3: somador5bits
Warning (12090): Entity "mux" obtained from "Multiplexadores.v" instead of from Quartus II megafunction library
Info (12021): Found 5 design units, including 5 entities, in source file multiplexadores.v
    Info (12023): Found entity 1: mux4bits
    Info (12023): Found entity 2: mux
    Info (12023): Found entity 3: mux32bits
    Info (12023): Found entity 4: mux5bits
    Info (12023): Found entity 5: mux3bits4entradas
Info (12021): Found 1 design units, including 1 entities, in source file mips.v
    Info (12023): Found entity 1: MIPS
Info (12021): Found 3 design units, including 3 entities, in source file memoriadeinstrucoes.v
    Info (12023): Found entity 1: MemoriaDeInstrucoes
    Info (12023): Found entity 2: instrucao
    Info (12023): Found entity 3: countPC
Info (12021): Found 1 design units, including 1 entities, in source file memoriadedados.v
    Info (12023): Found entity 1: MemoriaDeDados
Info (12021): Found 1 design units, including 1 entities, in source file extensor.v
    Info (12023): Found entity 1: extensor16para32
Info (12021): Found 1 design units, including 1 entities, in source file control.v
    Info (12023): Found entity 1: Control
Info (12021): Found 1 design units, including 1 entities, in source file bancoderegistradores.v
    Info (12023): Found entity 1: BancodeRegistradores
Info (12021): Found 1 design units, including 1 entities, in source file alucontrol.v
    Info (12023): Found entity 1: ALUControl
Info (12021): Found 3 design units, including 3 entities, in source file alu.v
    Info (12023): Found entity 1: ALU
    Info (12023): Found entity 2: slt
    Info (12023): Found entity 3: d_overflow
Warning (10236): Verilog HDL Implicit Net warning at MemoriaDeInstrucoes.v(10): created implicit net for "cout"
Info (12127): Elaborating entity "MIPS" for the top level hierarchy
Info (12128): Elaborating entity "MemoriaDeInstrucoes" for hierarchy "MemoriaDeInstrucoes:a"
Info (12128): Elaborating entity "countPC" for hierarchy "MemoriaDeInstrucoes:a|countPC:oi"
Info (12128): Elaborating entity "somador5bits" for hierarchy "MemoriaDeInstrucoes:a|somador5bits:p"
Info (12128): Elaborating entity "full_adder" for hierarchy "MemoriaDeInstrucoes:a|somador5bits:p|full_adder:add[0].p"
Info (12128): Elaborating entity "instrucao" for hierarchy "MemoriaDeInstrucoes:a|instrucao:memi"
Info (12128): Elaborating entity "Control" for hierarchy "Control:p"
Info (12128): Elaborating entity "ALUControl" for hierarchy "ALUControl:pi"
Info (12128): Elaborating entity "mux5bits" for hierarchy "mux5bits:b"
Info (12128): Elaborating entity "mux" for hierarchy "mux5bits:b|mux:instanc[0].m"
Info (12128): Elaborating entity "BancodeRegistradores" for hierarchy "BancodeRegistradores:c"
Info (12128): Elaborating entity "extensor16para32" for hierarchy "extensor16para32:d"
Info (12128): Elaborating entity "mux32bits" for hierarchy "mux32bits:e"
Info (12128): Elaborating entity "ALU" for hierarchy "ALU:f"
Info (12128): Elaborating entity "somador32bits" for hierarchy "ALU:f|somador32bits:somaOuSub"
Info (12128): Elaborating entity "slt" for hierarchy "ALU:f|slt:comparar"
Info (12128): Elaborating entity "d_overflow" for hierarchy "ALU:f|d_overflow:dt"
Info (12128): Elaborating entity "mux3bits4entradas" for hierarchy "ALU:f|mux3bits4entradas:p"
Info (12128): Elaborating entity "MemoriaDeDados" for hierarchy "MemoriaDeDados:g"
Warning (10230): Verilog HDL assignment warning at MemoriaDeDados.v(19): truncated value with size 32 to match size of target (8)
Warning (10240): Verilog HDL Always Construct warning at MemoriaDeDados.v(23): inferring latch(es) for variable "ReadData", which holds its previous value in one or more paths through the always construct
Info (10041): Inferred latch for "mem[0][0]" at MemoriaDeDados.v(29)
Info (10041): Inferred latch for "mem[0][1]" at MemoriaDeDados.v(29)
Info (10041): Inferred latch for "mem[0][2]" at MemoriaDeDados.v(29)
Info (10041): Inferred latch for "mem[0][3]" at MemoriaDeDados.v(29)
Info (10041): Inferred latch for "mem[0][4]" at MemoriaDeDados.v(29)
Info (10041): Inferred latch for "mem[0][5]" at MemoriaDeDados.v(29)
Info (10041): Inferred latch for "mem[0][6]" at MemoriaDeDados.v(29)
Info (10041): Inferred latch for "mem[0][7]" at MemoriaDeDados.v(29)
Info (10041): Inferred latch for "mem[1][0]" at MemoriaDeDados.v(29)
Info (10041): Inferred latch for "mem[1][1]" at MemoriaDeDados.v(29)
Info (10041): Inferred latch for "mem[1][2]" at MemoriaDeDados.v(29)
Info (10041): Inferred latch for "mem[1][3]" at MemoriaDeDados.v(29)
Info (10041): Inferred latch for "mem[1][4]" at MemoriaDeDados.v(29)
Info (10041): Inferred latch for "mem[1][5]" at MemoriaDeDados.v(29)
Info (10041): Inferred latch for "mem[1][6]" at MemoriaDeDados.v(29)
Info (10041): Inferred latch for "mem[1][7]" at MemoriaDeDados.v(29)
Info (10041): Inferred latch for "mem[2][0]" at MemoriaDeDados.v(29)
Info (10041): Inferred latch for "mem[2][1]" at MemoriaDeDados.v(29)
Info (10041): Inferred latch for "mem[2][2]" at MemoriaDeDados.v(29)
Info (10041): Inferred latch for "mem[2][3]" at MemoriaDeDados.v(29)
Info (10041): Inferred latch for "mem[2][4]" at MemoriaDeDados.v(29)
Info (10041): Inferred latch for "mem[2][5]" at MemoriaDeDados.v(29)
Info (10041): Inferred latch for "mem[2][6]" at MemoriaDeDados.v(29)
Info (10041): Inferred latch for "mem[2][7]" at MemoriaDeDados.v(29)
Info (10041): Inferred latch for "mem[3][0]" at MemoriaDeDados.v(29)
Info (10041): Inferred latch for "mem[3][1]" at MemoriaDeDados.v(29)
Info (10041): Inferred latch for "mem[3][2]" at MemoriaDeDados.v(29)
Info (10041): Inferred latch for "mem[3][3]" at MemoriaDeDados.v(29)
Info (10041): Inferred latch for "mem[3][4]" at MemoriaDeDados.v(29)
Info (10041): Inferred latch for "mem[3][5]" at MemoriaDeDados.v(29)
Info (10041): Inferred latch for "mem[3][6]" at MemoriaDeDados.v(29)
Info (10041): Inferred latch for "mem[3][7]" at MemoriaDeDados.v(29)
Info (10041): Inferred latch for "mem[4][0]" at MemoriaDeDados.v(29)
Info (10041): Inferred latch for "mem[4][1]" at MemoriaDeDados.v(29)
Info (10041): Inferred latch for "mem[4][2]" at MemoriaDeDados.v(29)
Info (10041): Inferred latch for "mem[4][3]" at MemoriaDeDados.v(29)
Info (10041): Inferred latch for "mem[4][4]" at MemoriaDeDados.v(29)
Info (10041): Inferred latch for "mem[4][5]" at MemoriaDeDados.v(29)
Info (10041): Inferred latch for "mem[4][6]" at MemoriaDeDados.v(29)
Info (10041): Inferred latch for "mem[4][7]" at MemoriaDeDados.v(29)
Info (10041): Inferred latch for "mem[5][0]" at MemoriaDeDados.v(29)
Info (10041): Inferred latch for "mem[5][1]" at MemoriaDeDados.v(29)
Info (10041): Inferred latch for "mem[5][2]" at MemoriaDeDados.v(29)
Info (10041): Inferred latch for "mem[5][3]" at MemoriaDeDados.v(29)
Info (10041): Inferred latch for "mem[5][4]" at MemoriaDeDados.v(29)
Info (10041): Inferred latch for "mem[5][5]" at MemoriaDeDados.v(29)
Info (10041): Inferred latch for "mem[5][6]" at MemoriaDeDados.v(29)
Info (10041): Inferred latch for "mem[5][7]" at MemoriaDeDados.v(29)
Info (10041): Inferred latch for "mem[6][0]" at MemoriaDeDados.v(29)
Info (10041): Inferred latch for "mem[6][1]" at MemoriaDeDados.v(29)
Info (10041): Inferred latch for "mem[6][2]" at MemoriaDeDados.v(29)
Info (10041): Inferred latch for "mem[6][3]" at MemoriaDeDados.v(29)
Info (10041): Inferred latch for "mem[6][4]" at MemoriaDeDados.v(29)
Info (10041): Inferred latch for "mem[6][5]" at MemoriaDeDados.v(29)
Info (10041): Inferred latch for "mem[6][6]" at MemoriaDeDados.v(29)
Info (10041): Inferred latch for "mem[6][7]" at MemoriaDeDados.v(29)
Info (10041): Inferred latch for "mem[7][0]" at MemoriaDeDados.v(29)
Info (10041): Inferred latch for "mem[7][1]" at MemoriaDeDados.v(29)
Info (10041): Inferred latch for "mem[7][2]" at MemoriaDeDados.v(29)
Info (10041): Inferred latch for "mem[7][3]" at MemoriaDeDados.v(29)
Info (10041): Inferred latch for "mem[7][4]" at MemoriaDeDados.v(29)
Info (10041): Inferred latch for "mem[7][5]" at MemoriaDeDados.v(29)
Info (10041): Inferred latch for "mem[7][6]" at MemoriaDeDados.v(29)
Info (10041): Inferred latch for "mem[7][7]" at MemoriaDeDados.v(29)
Info (10041): Inferred latch for "mem[8][0]" at MemoriaDeDados.v(29)
Info (10041): Inferred latch for "mem[8][1]" at MemoriaDeDados.v(29)
Info (10041): Inferred latch for "mem[8][2]" at MemoriaDeDados.v(29)
Info (10041): Inferred latch for "mem[8][3]" at MemoriaDeDados.v(29)
Info (10041): Inferred latch for "mem[8][4]" at MemoriaDeDados.v(29)
Info (10041): Inferred latch for "mem[8][5]" at MemoriaDeDados.v(29)
Info (10041): Inferred latch for "mem[8][6]" at MemoriaDeDados.v(29)
Info (10041): Inferred latch for "mem[8][7]" at MemoriaDeDados.v(29)
Info (10041): Inferred latch for "mem[9][0]" at MemoriaDeDados.v(29)
Info (10041): Inferred latch for "mem[9][1]" at MemoriaDeDados.v(29)
Info (10041): Inferred latch for "mem[9][2]" at MemoriaDeDados.v(29)
Info (10041): Inferred latch for "mem[9][3]" at MemoriaDeDados.v(29)
Info (10041): Inferred latch for "mem[9][4]" at MemoriaDeDados.v(29)
Info (10041): Inferred latch for "mem[9][5]" at MemoriaDeDados.v(29)
Info (10041): Inferred latch for "mem[9][6]" at MemoriaDeDados.v(29)
Info (10041): Inferred latch for "mem[9][7]" at MemoriaDeDados.v(29)
Info (10041): Inferred latch for "mem[10][0]" at MemoriaDeDados.v(29)
Info (10041): Inferred latch for "mem[10][1]" at MemoriaDeDados.v(29)
Info (10041): Inferred latch for "mem[10][2]" at MemoriaDeDados.v(29)
Info (10041): Inferred latch for "mem[10][3]" at MemoriaDeDados.v(29)
Info (10041): Inferred latch for "mem[10][4]" at MemoriaDeDados.v(29)
Info (10041): Inferred latch for "mem[10][5]" at MemoriaDeDados.v(29)
Info (10041): Inferred latch for "mem[10][6]" at MemoriaDeDados.v(29)
Info (10041): Inferred latch for "mem[10][7]" at MemoriaDeDados.v(29)
Info (10041): Inferred latch for "mem[11][0]" at MemoriaDeDados.v(29)
Info (10041): Inferred latch for "mem[11][1]" at MemoriaDeDados.v(29)
Info (10041): Inferred latch for "mem[11][2]" at MemoriaDeDados.v(29)
Info (10041): Inferred latch for "mem[11][3]" at MemoriaDeDados.v(29)
Info (10041): Inferred latch for "mem[11][4]" at MemoriaDeDados.v(29)
Info (10041): Inferred latch for "mem[11][5]" at MemoriaDeDados.v(29)
Info (10041): Inferred latch for "mem[11][6]" at MemoriaDeDados.v(29)
Info (10041): Inferred latch for "mem[11][7]" at MemoriaDeDados.v(29)
Info (10041): Inferred latch for "mem[12][0]" at MemoriaDeDados.v(29)
Info (10041): Inferred latch for "mem[12][1]" at MemoriaDeDados.v(29)
Info (10041): Inferred latch for "mem[12][2]" at MemoriaDeDados.v(29)
Info (10041): Inferred latch for "mem[12][3]" at MemoriaDeDados.v(29)
Info (10041): Inferred latch for "mem[12][4]" at MemoriaDeDados.v(29)
Info (10041): Inferred latch for "mem[12][5]" at MemoriaDeDados.v(29)
Info (10041): Inferred latch for "mem[12][6]" at MemoriaDeDados.v(29)
Info (10041): Inferred latch for "mem[12][7]" at MemoriaDeDados.v(29)
Info (10041): Inferred latch for "mem[13][0]" at MemoriaDeDados.v(29)
Info (10041): Inferred latch for "mem[13][1]" at MemoriaDeDados.v(29)
Info (10041): Inferred latch for "mem[13][2]" at MemoriaDeDados.v(29)
Info (10041): Inferred latch for "mem[13][3]" at MemoriaDeDados.v(29)
Info (10041): Inferred latch for "mem[13][4]" at MemoriaDeDados.v(29)
Info (10041): Inferred latch for "mem[13][5]" at MemoriaDeDados.v(29)
Info (10041): Inferred latch for "mem[13][6]" at MemoriaDeDados.v(29)
Info (10041): Inferred latch for "mem[13][7]" at MemoriaDeDados.v(29)
Info (10041): Inferred latch for "mem[14][0]" at MemoriaDeDados.v(29)
Info (10041): Inferred latch for "mem[14][1]" at MemoriaDeDados.v(29)
Info (10041): Inferred latch for "mem[14][2]" at MemoriaDeDados.v(29)
Info (10041): Inferred latch for "mem[14][3]" at MemoriaDeDados.v(29)
Info (10041): Inferred latch for "mem[14][4]" at MemoriaDeDados.v(29)
Info (10041): Inferred latch for "mem[14][5]" at MemoriaDeDados.v(29)
Info (10041): Inferred latch for "mem[14][6]" at MemoriaDeDados.v(29)
Info (10041): Inferred latch for "mem[14][7]" at MemoriaDeDados.v(29)
Info (10041): Inferred latch for "mem[15][0]" at MemoriaDeDados.v(29)
Info (10041): Inferred latch for "mem[15][1]" at MemoriaDeDados.v(29)
Info (10041): Inferred latch for "mem[15][2]" at MemoriaDeDados.v(29)
Info (10041): Inferred latch for "mem[15][3]" at MemoriaDeDados.v(29)
Info (10041): Inferred latch for "mem[15][4]" at MemoriaDeDados.v(29)
Info (10041): Inferred latch for "mem[15][5]" at MemoriaDeDados.v(29)
Info (10041): Inferred latch for "mem[15][6]" at MemoriaDeDados.v(29)
Info (10041): Inferred latch for "mem[15][7]" at MemoriaDeDados.v(29)
Info (10041): Inferred latch for "mem[16][0]" at MemoriaDeDados.v(29)
Info (10041): Inferred latch for "mem[16][1]" at MemoriaDeDados.v(29)
Info (10041): Inferred latch for "mem[16][2]" at MemoriaDeDados.v(29)
Info (10041): Inferred latch for "mem[16][3]" at MemoriaDeDados.v(29)
Info (10041): Inferred latch for "mem[16][4]" at MemoriaDeDados.v(29)
Info (10041): Inferred latch for "mem[16][5]" at MemoriaDeDados.v(29)
Info (10041): Inferred latch for "mem[16][6]" at MemoriaDeDados.v(29)
Info (10041): Inferred latch for "mem[16][7]" at MemoriaDeDados.v(29)
Info (10041): Inferred latch for "mem[17][0]" at MemoriaDeDados.v(29)
Info (10041): Inferred latch for "mem[17][1]" at MemoriaDeDados.v(29)
Info (10041): Inferred latch for "mem[17][2]" at MemoriaDeDados.v(29)
Info (10041): Inferred latch for "mem[17][3]" at MemoriaDeDados.v(29)
Info (10041): Inferred latch for "mem[17][4]" at MemoriaDeDados.v(29)
Info (10041): Inferred latch for "mem[17][5]" at MemoriaDeDados.v(29)
Info (10041): Inferred latch for "mem[17][6]" at MemoriaDeDados.v(29)
Info (10041): Inferred latch for "mem[17][7]" at MemoriaDeDados.v(29)
Info (10041): Inferred latch for "mem[18][0]" at MemoriaDeDados.v(29)
Info (10041): Inferred latch for "mem[18][1]" at MemoriaDeDados.v(29)
Info (10041): Inferred latch for "mem[18][2]" at MemoriaDeDados.v(29)
Info (10041): Inferred latch for "mem[18][3]" at MemoriaDeDados.v(29)
Info (10041): Inferred latch for "mem[18][4]" at MemoriaDeDados.v(29)
Info (10041): Inferred latch for "mem[18][5]" at MemoriaDeDados.v(29)
Info (10041): Inferred latch for "mem[18][6]" at MemoriaDeDados.v(29)
Info (10041): Inferred latch for "mem[18][7]" at MemoriaDeDados.v(29)
Info (10041): Inferred latch for "mem[19][0]" at MemoriaDeDados.v(29)
Info (10041): Inferred latch for "mem[19][1]" at MemoriaDeDados.v(29)
Info (10041): Inferred latch for "mem[19][2]" at MemoriaDeDados.v(29)
Info (10041): Inferred latch for "mem[19][3]" at MemoriaDeDados.v(29)
Info (10041): Inferred latch for "mem[19][4]" at MemoriaDeDados.v(29)
Info (10041): Inferred latch for "mem[19][5]" at MemoriaDeDados.v(29)
Info (10041): Inferred latch for "mem[19][6]" at MemoriaDeDados.v(29)
Info (10041): Inferred latch for "mem[19][7]" at MemoriaDeDados.v(29)
Info (10041): Inferred latch for "mem[20][0]" at MemoriaDeDados.v(29)
Info (10041): Inferred latch for "mem[20][1]" at MemoriaDeDados.v(29)
Info (10041): Inferred latch for "mem[20][2]" at MemoriaDeDados.v(29)
Info (10041): Inferred latch for "mem[20][3]" at MemoriaDeDados.v(29)
Info (10041): Inferred latch for "mem[20][4]" at MemoriaDeDados.v(29)
Info (10041): Inferred latch for "mem[20][5]" at MemoriaDeDados.v(29)
Info (10041): Inferred latch for "mem[20][6]" at MemoriaDeDados.v(29)
Info (10041): Inferred latch for "mem[20][7]" at MemoriaDeDados.v(29)
Info (10041): Inferred latch for "mem[21][0]" at MemoriaDeDados.v(29)
Info (10041): Inferred latch for "mem[21][1]" at MemoriaDeDados.v(29)
Info (10041): Inferred latch for "mem[21][2]" at MemoriaDeDados.v(29)
Info (10041): Inferred latch for "mem[21][3]" at MemoriaDeDados.v(29)
Info (10041): Inferred latch for "mem[21][4]" at MemoriaDeDados.v(29)
Info (10041): Inferred latch for "mem[21][5]" at MemoriaDeDados.v(29)
Info (10041): Inferred latch for "mem[21][6]" at MemoriaDeDados.v(29)
Info (10041): Inferred latch for "mem[21][7]" at MemoriaDeDados.v(29)
Info (10041): Inferred latch for "mem[22][0]" at MemoriaDeDados.v(29)
Info (10041): Inferred latch for "mem[22][1]" at MemoriaDeDados.v(29)
Info (10041): Inferred latch for "mem[22][2]" at MemoriaDeDados.v(29)
Info (10041): Inferred latch for "mem[22][3]" at MemoriaDeDados.v(29)
Info (10041): Inferred latch for "mem[22][4]" at MemoriaDeDados.v(29)
Info (10041): Inferred latch for "mem[22][5]" at MemoriaDeDados.v(29)
Info (10041): Inferred latch for "mem[22][6]" at MemoriaDeDados.v(29)
Info (10041): Inferred latch for "mem[22][7]" at MemoriaDeDados.v(29)
Info (10041): Inferred latch for "mem[23][0]" at MemoriaDeDados.v(29)
Info (10041): Inferred latch for "mem[23][1]" at MemoriaDeDados.v(29)
Info (10041): Inferred latch for "mem[23][2]" at MemoriaDeDados.v(29)
Info (10041): Inferred latch for "mem[23][3]" at MemoriaDeDados.v(29)
Info (10041): Inferred latch for "mem[23][4]" at MemoriaDeDados.v(29)
Info (10041): Inferred latch for "mem[23][5]" at MemoriaDeDados.v(29)
Info (10041): Inferred latch for "mem[23][6]" at MemoriaDeDados.v(29)
Info (10041): Inferred latch for "mem[23][7]" at MemoriaDeDados.v(29)
Info (10041): Inferred latch for "mem[24][0]" at MemoriaDeDados.v(29)
Info (10041): Inferred latch for "mem[24][1]" at MemoriaDeDados.v(29)
Info (10041): Inferred latch for "mem[24][2]" at MemoriaDeDados.v(29)
Info (10041): Inferred latch for "mem[24][3]" at MemoriaDeDados.v(29)
Info (10041): Inferred latch for "mem[24][4]" at MemoriaDeDados.v(29)
Info (10041): Inferred latch for "mem[24][5]" at MemoriaDeDados.v(29)
Info (10041): Inferred latch for "mem[24][6]" at MemoriaDeDados.v(29)
Info (10041): Inferred latch for "mem[24][7]" at MemoriaDeDados.v(29)
Info (10041): Inferred latch for "mem[25][0]" at MemoriaDeDados.v(29)
Info (10041): Inferred latch for "mem[25][1]" at MemoriaDeDados.v(29)
Info (10041): Inferred latch for "mem[25][2]" at MemoriaDeDados.v(29)
Info (10041): Inferred latch for "mem[25][3]" at MemoriaDeDados.v(29)
Info (10041): Inferred latch for "mem[25][4]" at MemoriaDeDados.v(29)
Info (10041): Inferred latch for "mem[25][5]" at MemoriaDeDados.v(29)
Info (10041): Inferred latch for "mem[25][6]" at MemoriaDeDados.v(29)
Info (10041): Inferred latch for "mem[25][7]" at MemoriaDeDados.v(29)
Info (10041): Inferred latch for "mem[26][0]" at MemoriaDeDados.v(29)
Info (10041): Inferred latch for "mem[26][1]" at MemoriaDeDados.v(29)
Info (10041): Inferred latch for "mem[26][2]" at MemoriaDeDados.v(29)
Info (10041): Inferred latch for "mem[26][3]" at MemoriaDeDados.v(29)
Info (10041): Inferred latch for "mem[26][4]" at MemoriaDeDados.v(29)
Info (10041): Inferred latch for "mem[26][5]" at MemoriaDeDados.v(29)
Info (10041): Inferred latch for "mem[26][6]" at MemoriaDeDados.v(29)
Info (10041): Inferred latch for "mem[26][7]" at MemoriaDeDados.v(29)
Info (10041): Inferred latch for "mem[27][0]" at MemoriaDeDados.v(29)
Info (10041): Inferred latch for "mem[27][1]" at MemoriaDeDados.v(29)
Info (10041): Inferred latch for "mem[27][2]" at MemoriaDeDados.v(29)
Info (10041): Inferred latch for "mem[27][3]" at MemoriaDeDados.v(29)
Info (10041): Inferred latch for "mem[27][4]" at MemoriaDeDados.v(29)
Info (10041): Inferred latch for "mem[27][5]" at MemoriaDeDados.v(29)
Info (10041): Inferred latch for "mem[27][6]" at MemoriaDeDados.v(29)
Info (10041): Inferred latch for "mem[27][7]" at MemoriaDeDados.v(29)
Info (10041): Inferred latch for "mem[28][0]" at MemoriaDeDados.v(29)
Info (10041): Inferred latch for "mem[28][1]" at MemoriaDeDados.v(29)
Info (10041): Inferred latch for "mem[28][2]" at MemoriaDeDados.v(29)
Info (10041): Inferred latch for "mem[28][3]" at MemoriaDeDados.v(29)
Info (10041): Inferred latch for "mem[28][4]" at MemoriaDeDados.v(29)
Info (10041): Inferred latch for "mem[28][5]" at MemoriaDeDados.v(29)
Info (10041): Inferred latch for "mem[28][6]" at MemoriaDeDados.v(29)
Info (10041): Inferred latch for "mem[28][7]" at MemoriaDeDados.v(29)
Info (10041): Inferred latch for "mem[29][0]" at MemoriaDeDados.v(29)
Info (10041): Inferred latch for "mem[29][1]" at MemoriaDeDados.v(29)
Info (10041): Inferred latch for "mem[29][2]" at MemoriaDeDados.v(29)
Info (10041): Inferred latch for "mem[29][3]" at MemoriaDeDados.v(29)
Info (10041): Inferred latch for "mem[29][4]" at MemoriaDeDados.v(29)
Info (10041): Inferred latch for "mem[29][5]" at MemoriaDeDados.v(29)
Info (10041): Inferred latch for "mem[29][6]" at MemoriaDeDados.v(29)
Info (10041): Inferred latch for "mem[29][7]" at MemoriaDeDados.v(29)
Info (10041): Inferred latch for "mem[30][0]" at MemoriaDeDados.v(29)
Info (10041): Inferred latch for "mem[30][1]" at MemoriaDeDados.v(29)
Info (10041): Inferred latch for "mem[30][2]" at MemoriaDeDados.v(29)
Info (10041): Inferred latch for "mem[30][3]" at MemoriaDeDados.v(29)
Info (10041): Inferred latch for "mem[30][4]" at MemoriaDeDados.v(29)
Info (10041): Inferred latch for "mem[30][5]" at MemoriaDeDados.v(29)
Info (10041): Inferred latch for "mem[30][6]" at MemoriaDeDados.v(29)
Info (10041): Inferred latch for "mem[30][7]" at MemoriaDeDados.v(29)
Info (10041): Inferred latch for "mem[31][0]" at MemoriaDeDados.v(29)
Info (10041): Inferred latch for "mem[31][1]" at MemoriaDeDados.v(29)
Info (10041): Inferred latch for "mem[31][2]" at MemoriaDeDados.v(29)
Info (10041): Inferred latch for "mem[31][3]" at MemoriaDeDados.v(29)
Info (10041): Inferred latch for "mem[31][4]" at MemoriaDeDados.v(29)
Info (10041): Inferred latch for "mem[31][5]" at MemoriaDeDados.v(29)
Info (10041): Inferred latch for "mem[31][6]" at MemoriaDeDados.v(29)
Info (10041): Inferred latch for "mem[31][7]" at MemoriaDeDados.v(29)
Info (10041): Inferred latch for "ReadData[0]" at MemoriaDeDados.v(23)
Info (10041): Inferred latch for "ReadData[1]" at MemoriaDeDados.v(23)
Info (10041): Inferred latch for "ReadData[2]" at MemoriaDeDados.v(23)
Info (10041): Inferred latch for "ReadData[3]" at MemoriaDeDados.v(23)
Info (10041): Inferred latch for "ReadData[4]" at MemoriaDeDados.v(23)
Info (10041): Inferred latch for "ReadData[5]" at MemoriaDeDados.v(23)
Info (10041): Inferred latch for "ReadData[6]" at MemoriaDeDados.v(23)
Info (10041): Inferred latch for "ReadData[7]" at MemoriaDeDados.v(23)
Info (10041): Inferred latch for "ReadData[8]" at MemoriaDeDados.v(23)
Info (10041): Inferred latch for "ReadData[9]" at MemoriaDeDados.v(23)
Info (10041): Inferred latch for "ReadData[10]" at MemoriaDeDados.v(23)
Info (10041): Inferred latch for "ReadData[11]" at MemoriaDeDados.v(23)
Info (10041): Inferred latch for "ReadData[12]" at MemoriaDeDados.v(23)
Info (10041): Inferred latch for "ReadData[13]" at MemoriaDeDados.v(23)
Info (10041): Inferred latch for "ReadData[14]" at MemoriaDeDados.v(23)
Info (10041): Inferred latch for "ReadData[15]" at MemoriaDeDados.v(23)
Info (10041): Inferred latch for "ReadData[16]" at MemoriaDeDados.v(23)
Info (10041): Inferred latch for "ReadData[17]" at MemoriaDeDados.v(23)
Info (10041): Inferred latch for "ReadData[18]" at MemoriaDeDados.v(23)
Info (10041): Inferred latch for "ReadData[19]" at MemoriaDeDados.v(23)
Info (10041): Inferred latch for "ReadData[20]" at MemoriaDeDados.v(23)
Info (10041): Inferred latch for "ReadData[21]" at MemoriaDeDados.v(23)
Info (10041): Inferred latch for "ReadData[22]" at MemoriaDeDados.v(23)
Info (10041): Inferred latch for "ReadData[23]" at MemoriaDeDados.v(23)
Info (10041): Inferred latch for "ReadData[24]" at MemoriaDeDados.v(23)
Info (10041): Inferred latch for "ReadData[25]" at MemoriaDeDados.v(23)
Info (10041): Inferred latch for "ReadData[26]" at MemoriaDeDados.v(23)
Info (10041): Inferred latch for "ReadData[27]" at MemoriaDeDados.v(23)
Info (10041): Inferred latch for "ReadData[28]" at MemoriaDeDados.v(23)
Info (10041): Inferred latch for "ReadData[29]" at MemoriaDeDados.v(23)
Info (10041): Inferred latch for "ReadData[30]" at MemoriaDeDados.v(23)
Info (10041): Inferred latch for "ReadData[31]" at MemoriaDeDados.v(23)
Warning (12241): 1 hierarchies have connectivity warnings - see the Connectivity Checks report folder
Info (16010): Generating hard_block partition "hard_block:auto_generated_inst"
    Info (16011): Adding 0 node(s), including 0 DDIO, 0 PLL, 0 transceiver and 0 LCELL
Warning (21074): Design contains 2 input pin(s) that do not drive logic
    Warning (15610): No output dependent on input pin "clk"
    Warning (15610): No output dependent on input pin "reset"
Info (21057): Implemented 2 device resources after synthesis - the final resource count might be different
    Info (21058): Implemented 2 input pins
    Info (21059): Implemented 0 output pins
Info: Quartus II 64-Bit Analysis & Synthesis was successful. 0 errors, 9 warnings
    Info: Peak virtual memory: 485 megabytes
    Info: Processing ended: Sat Mar 05 00:18:24 2016
    Info: Elapsed time: 00:00:03
    Info: Total CPU time (on all processors): 00:00:02


